<?xml version="1.0" encoding="UTF-8"?>
<!-- Generated by org.testng.reporters.JUnitReportReporter -->
<testsuite hostname="DESKTOP-3P1R69U" failures="0" tests="6" name="testCases.TC003_LoginDataDrivenTest" time="40.346" errors="0" timestamp="2024-10-30T10:44:26 IST" skipped="0">
  <testcase classname="testCases.TC003_LoginDataDrivenTest" name="verify_LoginDataDrivenTest" time="15.968"/>
  <testcase classname="testCases.TC003_LoginDataDrivenTest" name="verify_LoginDataDrivenTest" time="16.000"/>
  <testcase classname="testCases.TC003_LoginDataDrivenTest" name="verify_LoginDataDrivenTest" time="1.366"/>
  <testcase classname="testCases.TC003_LoginDataDrivenTest" name="verify_LoginDataDrivenTest" time="1.485"/>
  <testcase classname="testCases.TC003_LoginDataDrivenTest" name="verify_LoginDataDrivenTest" time="4.132"/>
  <testcase classname="testCases.TC003_LoginDataDrivenTest" name="verify_LoginDataDrivenTest" time="1.395"/>
</testsuite> <!-- testCases.TC003_LoginDataDrivenTest -->
