<?xml version="1.0" encoding="UTF-8"?>
<!-- Generated by org.testng.reporters.JUnitReportReporter -->
<testsuite hostname="DESKTOP-3P1R69U" failures="0" tests="1" name="testCases.TC002_LoginTest" time="1.441" errors="0" timestamp="2024-10-30T19:16:17 IST" skipped="0">
  <testcase classname="testCases.TC002_LoginTest" name="verify_login" time="1.441"/>
</testsuite> <!-- testCases.TC002_LoginTest -->
